{"numTotalTestSuites":20,"numPassedTestSuites":20,"numFailedTestSuites":0,"numPendingTestSuites":0,"numTotalTests":59,"num    <testsuite name="src/tests/address.spec.tsx" timestamp="2024-10-21T00:29:15.441Z" hostname="Pedro" tests="4" failures="0" errors="0" skipped="0" time="0.1804288">
        <testcase classname="src/tests/address.spec.tsx" name="Address - Should render elements &gt; Should render Title" time="0.1378116">
        </testcase>
        <testcase classname="src/tests/address.spec.tsx" name="Address - Should render elements &gt; Should render paragraph 1" time="0.0135968">
        </testcase>
        <testcase classname="src/tests/address.spec.tsx" name="Address - Should render elements &gt; Should render paragraph 2" time="0.0119318">
        </testcase>
        <testcase classname="src/tests/address.spec.tsx" name="Address - Should render elements &gt; Should render Alt Text Images" time="0.0112305">
        </testcase>
    </testsuite>
    <testsuite name="src/tests/BurguersSlider.spec.tsx" timestamp="2024-10-21T00:29:15.482Z" hostname="Pedro" tests="7" failures="0" errors="0" skipped="0" time="1.2039368">
        <testcase classname="src/tests/BurguersSlider.spec.tsx" name="Burguers - Should render elements &gt; Should render Alt Text Images" time="0.5401763">
            <system-err>
[33mSwiper Loop Warning: The number of slides is not enough for loop mode, it will be disabled and not function properly. You need to add more slides (or make duplicates) or lower the values of slidesPerView and slidesPerGroup parameters[39m

            </system-err>
        </testcase>
        <testcase classname="src/tests/BurguersSlider.spec.tsx" name="Burguers - Should render elements &gt; Should render burguer title" time="0.1692277">
            <system-err>
[33mSwiper Loop Warning: The number of slides is not enough for loop mode, it will be disabled and not function properly. You need to add more slides (or make duplicates) or lower the values of slidesPerView and slidesPerGroup parameters[39m

            </system-err>
        </testcase>
        <testcase classname="src/tests/BurguersSlider.spec.tsx" name="Burguers - Should render elements &gt; Should render burguer paragraph" time="0.1140794">
            <system-err>
[33mSwiper Loop Warning: The number of slides is not enough for loop mode, it will be disabled and not function properly. You need to add more slides (or make duplicates) or lower the values of slidesPerView and slidesPerGroup parameters[39m

            </system-err>
        </testcase>
        <testcase classname="src/tests/BurguersSlider.spec.tsx" name="Burguers - Should render elements &gt; Should render burguer ingredients title" time="0.0878337">
            <system-err>
[33mSwiper Loop Warning: The number of slides is not enough for loop mode, it will be disabled and not function properly. You need to add more slides (or make duplicates) or lower the values of slidesPerView and slidesPerGroup parameters[39m

            </system-err>
        </testcase>
        <testcase classname="src/tests/BurguersSlider.spec.tsx" name="Burguers - Should render elements &gt; Should render burguer ingredients paragraph" time="0.1207115">
            <system-err>
[33mSwiper Loop Warning: The number of slides is not enough for loop mode, it will be disabled and not function properly. You need to add more slides (or make duplicates) or lower the values of slidesPerView and slidesPerGroup parameters[39m

            </system-err>
        </testcase>
        <testcase classname="src/tests/BurguersSlider.spec.tsx" name="Burguers - Should render elements &gt; Should render burguer price paragraph" time="0.0930649">
            <system-err>
[33mSwiper Loop Warning: The number of slides is not enough for loop mode, it will be disabled and not function properly. You need to add more slides (or make duplicates) or lower the values of slidesPerView and slidesPerGroup parameters[39m

            </system-err>
        </testcase>
        <testcase classname="src/tests/BurguersSlider.spec.tsx" name="Burguers - Should render elements &gt; Should render add to cart button" time="0.0711576">
            <system-err>
[33mSwiper Loop Warning: The number of slides is not enough for loop mode, it will be disabled and not function properly. You need to add more slides (or make duplicates) or lower the values of slidesPerView and slidesPerGroup parameters[39m

            </system-err>
        </testcase>
    </testsuite>
    <testsuite name="src/tests/Desserts.spec.tsx" timestamp="2024-10-21T00:29:15.496Z" hostname="Pedro" tests="5" failures="0" errors="0" skipped="0" time="0.9237294">
        <testcase classname="src/tests/Desserts.spec.tsx" name="Desserts - Should render elements &gt; Should render Alt Text Images" time="0.5195583">
            <system-err>
[33mSwiper Loop Warning: The number of slides is not enough for loop mode, it will be disabled and not function properly. You need to add more slides (or make duplicates) or lower the values of slidesPerView and slidesPerGroup parameters[39m

            </system-err>
        </testcase>
        <testcase classname="src/tests/Desserts.spec.tsx" name="Desserts - Should render elements &gt; Should render Dessert title" time="0.1597187">
            <system-err>
[33mSwiper Loop Warning: The number of slides is not enough for loop mode, it will be disabled and not function properly. You need to add more slides (or make duplicates) or lower the values of slidesPerView and slidesPerGroup parameters[39m

            </system-err>
        </testcase>
        <testcase classname="src/tests/Desserts.spec.tsx" name="Desserts - Should render elements &gt; Should render Dessert paragraph" time="0.1033876">
            <system-err>
[33mSwiper Loop Warning: The number of slides is not enough for loop mode, it will be disabled and not function properly. You need to add more slides (or make duplicates) or lower the values of slidesPerView and slidesPerGroup parameters[39m

            </system-err>
        </testcase>
        <testcase classname="src/tests/Desserts.spec.tsx" name="Desserts - Should render elements &gt; Should render Dessert price paragraph" time="0.0638319">
            <system-err>
[33mSwiper Loop Warning: The number of slides is not enough for loop mode, it will be disabled and not function properly. You need to add more slides (or make duplicates) or lower the values of slidesPerView and slidesPerGroup parameters[39m

            </system-err>
        </testcase>
        <testcase classname="src/tests/Desserts.spec.tsx" name="Desserts - Should render elements &gt; Should render add to cart button" time="0.0663533">
            <system-err>
[33mSwiper Loop Warning: The number of slides is not enough for loop mode, it will be disabled and not function properly. You need to add more slides (or make duplicates) or lower the values of slidesPerView and slidesPerGroup parameters[39m

            </system-err>
        </testcase>
    </testsuite>
    <testsuite name="src/tests/DrinksSlider.spec.tsx" timestamp="2024-10-21T00:29:15.505Z" hostname="Pedro" tests="5" failures="0" errors="0" skipped="0" time="0.8855313">
        <testcase classname="src/tests/DrinksSlider.spec.tsx" name="Drinks - Should render elements &gt; Should render Alt Text Images" time="0.513988">
            <system-err>
[33mSwiper Loop Warning: The number of slides is not enough for loop mode, it will be disabled and not function properly. You need to add more slides (or make duplicates) or lower the values of slidesPerView and slidesPerGroup parameters[39m

            </system-err>
        </testcase>
        <testcase classname="src/tests/DrinksSlider.spec.tsx" name="Drinks - Should render elements &gt; Should render Drink title" time="0.1571208">
            <system-err>
[33mSwiper Loop Warning: The number of slides is not enough for loop mode, it will be disabled and not function properly. You need to add more slides (or make duplicates) or lower the values of slidesPerView and slidesPerGroup parameters[39m

            </system-err>
        </testcase>
        <testcase classname="src/tests/DrinksSlider.spec.tsx" name="Drinks - Should render elements &gt; Should render Drink paragraph" time="0.0875607">
            <system-err>
[33mSwiper Loop Warning: The number of slides is not enough for loop mode, it will be disabled and not function properly. You need to add more slides (or make duplicates) or lower the values of slidesPerView and slidesPerGroup parameters[39m

            </system-err>
        </testcase>
        <testcase classname="src/tests/DrinksSlider.spec.tsx" name="Drinks - Should render elements &gt; Should render Drink price paragraph" time="0.0676573">
            <system-err>
[33mSwiper Loop Warning: The number of slides is not enough for loop mode, it will be disabled and not function properly. You need to add more slides (or make duplicates) or lower the values of slidesPerView and slidesPerGroup parameters[39m

            </system-err>
        </testcase>
        <testcase classname="src/tests/DrinksSlider.spec.tsx" name="Drinks - Should render elements &gt; Should render add to cart button" time="0.05415">
            <system-err>
[33mSwiper Loop Warning: The number of slides is not enough for loop mode, it will be disabled and not function properly. You need to add more slides (or make duplicates) or lower the values of slidesPerView and slidesPerGroup parameters[39m

            </system-err>
        </testcase>
    </testsuite>
    <testsuite name="src/tests/Footer.spec.tsx" timestamp="2024-10-21T00:29:15.515Z" hostname="Pedro" tests="7" failures="0" errors="0" skipped="0" time="0.4726565">
        <testcase classname="src/tests/Footer.spec.tsx" name="Footer - Should render elements &gt; Should render Alt Text Images" time="0.2777366">
        </testcase>
        <testcase classname="src/tests/Footer.spec.tsx" name="Footer - Should render elements &gt; Should render instagram icon" time="0.0406808">
        </testcase>
        <testcase classname="src/tests/Footer.spec.tsx" name="Footer - Should render elements &gt; Should render Facebook icon" time="0.0369632">
        </testcase>
        <testcase classname="src/tests/Footer.spec.tsx" name="Footer - Should render elements &gt; Should render whatsapp icon" time="0.0267888">
        </testcase>
        <testcase classname="src/tests/Footer.spec.tsx" name="Footer - Should render elements &gt; Should render Footer Title" time="0.0345263">
        </testcase>
        <testcase classname="src/tests/Footer.spec.tsx" name="Footer - Should render elements &gt; Should render Footer Subtitle" time="0.0281963">
        </testcase>
        <testcase classname="src/tests/Footer.spec.tsx" name="Footer - Should render elements &gt; Should render arrow up icon" time="0.0188878">
        </testcase>
    </testsuite>
    <testsuite name="src/tests/Header.spec.tsx" timestamp="2024-10-21T00:29:15.522Z" hostname="Pedro" tests="24" failures="0" errors="0" skipped="0" time="3.7261116">
        <testcase classname="src/tests/Header.spec.tsx" name="Header - Should render your elements &gt; Should render forkIcon from menu" time="0.21144">
        </testcase>
        <testcase classname="src/tests/Header.spec.tsx" name="Header - Should render your elements &gt; Should render cartIcon from menu" time="0.0174235">
        </testcase>
        <testcase classname="src/tests/Header.spec.tsx" name="Header - Should render your elements &gt; Menu Aside - Nav Elements &gt; Should render close icon" time="0.3448703">
        </testcase>
        <testcase classname="src/tests/Header.spec.tsx" name="Header - Should render your elements &gt; Menu Aside - Nav Elements &gt; Should render Home button" time="0.1351464">
        </testcase>
        <testcase classname="src/tests/Header.spec.tsx" name="Header - Should render your elements &gt; Menu Aside - Nav Elements &gt; Should render Hamburguers button" time="0.129386">
        </testcase>
        <testcase classname="src/tests/Header.spec.tsx" name="Header - Should render your elements &gt; Menu Aside - Nav Elements &gt; Should render Bebidas button" time="0.0735234">
        </testcase>
        <testcase classname="src/tests/Header.spec.tsx" name="Header - Should render your elements &gt; Menu Aside - Nav Elements &gt; Should render Sobremesas button" time="0.0985159">
        </testcase>
        <testcase classname="src/tests/Header.spec.tsx" name="Header - Should render your elements &gt; Menu Aside - Nav Elements &gt; Should render Endereco button" time="0.1071622">
        </testcase>
        <testcase classname="src/tests/Header.spec.tsx" name="Header - Should render your elements &gt; Menu Aside - Nav Elements &gt; Should render Contatos button" time="0.0797066">
        </testcase>
        <testcase classname="src/tests/Header.spec.tsx" name="Header - Should render your elements &gt; Menu Aside - Shouldnt render Nav Elements &gt; Shouldnt render close icon" time="0.1710587">
        </testcase>
        <testcase classname="src/tests/Header.spec.tsx" name="Header - Should render your elements &gt; Menu Aside - Shouldnt render Nav Elements &gt; Shouldnt render Home button" time="0.1374154">
        </testcase>
        <testcase classname="src/tests/Header.spec.tsx" name="Header - Should render your elements &gt; Menu Aside - Shouldnt render Nav Elements &gt; Shouldnt render Hamburguers button" time="0.1310625">
        </testcase>
        <testcase classname="src/tests/Header.spec.tsx" name="Header - Should render your elements &gt; Menu Aside - Shouldnt render Nav Elements &gt; Shouldnt render Bebidas button" time="0.1553872">
        </testcase>
        <testcase classname="src/tests/Header.spec.tsx" name="Header - Should render your elements &gt; Menu Aside - Shouldnt render Nav Elements &gt; Shouldnt render Sobremesas button" time="0.1631173">
        </testcase>
        <testcase classname="src/tests/Header.spec.tsx" name="Header - Should render your elements &gt; Menu Aside - Shouldnt render Nav Elements &gt; Shouldnt render Endereco button" time="0.1399471">
        </testcase>
        <testcase classname="src/tests/Header.spec.tsx" name="Header - Should render your elements &gt; Menu Aside - Shouldnt render Nav Elements &gt; Shouldnt render Contatos button" time="0.1446102">
        </testcase>
        <testcase classname="src/tests/Header.spec.tsx" name="Header - Should render your elements &gt; Cart Aside - Cart Elements &gt; Should render close icon" time="0.1779424">
        </testcase>
        <testcase classname="src/tests/Header.spec.tsx" name="Header - Should render your elements &gt; Cart Aside - Cart Elements &gt; Should render Total Text" time="0.1604809">
        </testcase>
        <testcase classname="src/tests/Header.spec.tsx" name="Header - Should render your elements &gt; Cart Aside - Cart Elements &gt; Should render R$ Text" time="0.1610227">
        </testcase>
        <testcase classname="src/tests/Header.spec.tsx" name="Header - Should render your elements &gt; Cart Aside - Cart Elements &gt; Should render Finalizar button" time="0.1383136">
        </testcase>
        <testcase classname="src/tests/Header.spec.tsx" name="Header - Should render your elements &gt; Cart Aside - Shouldnt render Cart Elements &gt; Shouldnt render close icon" time="0.1754726">
        </testcase>
        <testcase classname="src/tests/Header.spec.tsx" name="Header - Should render your elements &gt; Cart Aside - Shouldnt render Cart Elements &gt; Shouldnt render Total Text" time="0.1877094">
        </testcase>
        <testcase classname="src/tests/Header.spec.tsx" name="Header - Should render your elements &gt; Cart Aside - Shouldnt render Cart Elements &gt; Should render R$ Text" time="0.1976608">
        </testcase>
        <testcase classname="src/tests/Header.spec.tsx" name="Header - Should render your elements &gt; Cart Aside - Shouldnt render Cart Elements &gt; Should render Finalizar button" time="0.2783033">
        </testcase>
    </testsuite>
    <testsuite name="src/tests/Home.spec.tsx" timestamp="2024-10-21T00:29:15.539Z" hostname="Pedro" tests="3" failures="0" errors="0" skipped="0" time="0.287823">
        <testcase classname="src/tests/Home.spec.tsx" name="Home - Should render elements &gt; Should render Top Text" time="0.227177">
        </testcase>
        <testcase classname="src/tests/Home.spec.tsx" name="Home - Should render elements &gt; Should render Bottom Text" time="0.0259261">
        </testcase>
        <testcase classname="src/tests/Home.spec.tsx" name="Home - Should render elements &gt; Should render alt text images" time="0.0281508">
        </testcase>
    </testsuite>
    <testsuite name="src/tests/Logo.spec.tsx" timestamp="2024-10-21T00:29:15.541Z" hostname="Pedro" tests="4" failures="0" errors="0" skipped="0" time="0.2587829">
        <testcase classname="src/tests/Logo.spec.tsx" name="Logo - Should render elements and status &gt; Should render logoImage" time="0.1615321">
        </testcase>
        <testcase classname="src/tests/Logo.spec.tsx" name="Logo - Should render elements and status &gt; Should render Logo Text" time="0.0350104">
        </testcase>
        <testcase classname="src/tests/Logo.spec.tsx" name="Logo - Should render elements and status &gt; Should show restaurant is open between 17:00 and 23:30" time="0.035786">
        </testcase>
        <testcase classname="src/tests/Logo.spec.tsx" name="Logo - Should render elements and status &gt; Should show restaurant is closed outside working hours" time="0.0164542">
        </testcase>
    </testsuite>
</testsuites>
- Should render elements and status Should render logoImage","status":"passed","title":"Should render logoImage","duration":161.53209999999945,"failureMessages":[],"meta":{}},{"ancestorTitles":["Logo - Should render elements and status"],"fullName":"Logo - Should render elements and status Should render Logo Text","status":"passed","title":"Should render Logo Text","duration":35.01040000000012,"failureMessages":[],"meta":{}},{"ancestorTitles":["Logo - Should render elements and status"],"fullName":"Logo - Should render elements and status Should show restaurant is open between 17:00 and 23:30","status":"passed","title":"Should show restaurant is open between 17:00 and 23:30","duration":35.78600000000006,"failureMessages":[],"meta":{}},{"ancestorTitles":["Logo - Should render elements and status"],"fullName":"Logo - Should render elements and status Should show restaurant is closed outside working hours","status":"passed","title":"Should show restaurant is closed outside working hours","duration":16.454200000000128,"failureMessages":[],"meta":{}}],"startTime":1729470544067,"endTime":1729470544317.454,"status":"passed","message":"","name":"C:/Users/pedro/OneDrive/Área de Trabalho/Curso-Dev-Quest/projetos/Mine/pedros-burguer/src/tests/Logo.spec.tsx"}]}